Lmod has detected the following error: The following module(s) are unknown:
"pyton/anaconda3"

Please check the spelling or version number. Also try "module spider ..."
It is also possible your cache file is out-of-date; it may help to try:
  $ module --ignore-cache load "pyton/anaconda3"

Also make sure that all modulefiles written in TCL start with the string
#%Module



config file is: /projects/b1118/behaviorvideos/rotary_wheel_side_view-JJM-2021-09-17/config.yaml
Config:
{'all_joints': [[0],
                [1],
                [2],
                [3],
                [4],
                [5],
                [6],
                [7],
                [8],
                [9],
                [10],
                [11],
                [12],
                [13],
                [14],
                [15],
                [16],
                [17],
                [18],
                [19],
                [20]],
 'all_joints_names': ['snout',
                      'ear_L',
                      'ear_R',
                      'front_paw_L',
                      'front_heel_L',
                      'front_paw_R',
                      'front_heel_R',
                      'rear_paw_L',
                      'rear_heel_L',
                      'rear_thigh_L',
                      'rear_paw_R',
                      'rear_heel_R',
                      'rear_thigh_R',
                      'back',
                      'tail_base',
                      'mid_tail',
                      'tail_tip',
                      'wheel_center',
                      'wheel_mark',
                      'wheel_screw_1',
                      'wheel_screw_2'],
 'alpha_r': 0.02,
 'apply_prob': 0.5,
 'batch_size': 1,
 'clahe': True,
 'claheratio': 0.1,
 'crop_pad': 0,
 'crop_sampling': 'hybrid',
 'crop_size': [400, 400],
 'cropratio': 0.4,
 'dataset': 'training-datasets/iteration-0/UnaugmentedDataSet_rotary_wheel_side_view '
            'Sep17/rotary_wheel_side_view _JJM95shuffle1.mat',
 'dataset_type': 'default',
 'decay_steps': 30000,
 'deterministic': False,
 'display_iters': 1000,
 'edge': False,
 'emboss': {'alpha': [0.0, 1.0], 'embossratio': 0.1, 'strength': [0.5, 1.5]},
 'fg_fraction': 0.25,
 'global_scale': 0.8,
 'histeq': True,
 'histeqratio': 0.1,
 'init_weights': '/home/jma819/.conda/envs/tensorflow-2.6-py38-dlc/lib/python3.8/site-packages/deeplabcut/pose_estimation_tensorflow/models/pretrained/resnet_v1_50.ckpt',
 'intermediate_supervision': False,
 'intermediate_supervision_layer': 12,
 'location_refinement': True,
 'locref_huber_loss': True,
 'locref_loss_weight': 0.05,
 'locref_stdev': 7.2801,
 'log_dir': 'log',
 'lr_init': 0.0005,
 'max_input_size': 1500,
 'max_shift': 0.4,
 'mean_pixel': [123.68, 116.779, 103.939],
 'metadataset': 'training-datasets/iteration-0/UnaugmentedDataSet_rotary_wheel_side_view '
                'Sep17/Documentation_data-rotary_wheel_side_view '
                '_95shuffle1.pickle',
 'min_input_size': 64,
 'mirror': False,
 'multi_stage': False,
 'multi_step': [[0.005, 10000],
                [0.02, 430000],
                [0.002, 730000],
                [0.001, 1030000]],
 'net_type': 'resnet_50',
 'num_joints': 21,
 'optimizer': 'sgd',
 'pairwise_huber_loss': False,
 'pairwise_predict': False,
 'partaffinityfield_predict': False,
 'pos_dist_thresh': 17,
 'pre_resize': [],
 'project_path': '/projects/b1118/behaviorvideos/rotary_wheel_side_view-JJM-2021-09-17',
 'regularize': False,
 'rotation': 25,
 'rotratio': 0.4,
 'save_iters': 50000,
 'scale_jitter_lo': 0.5,
 'scale_jitter_up': 1.25,
 'scoremap_dir': 'test',
 'sharpen': False,
 'sharpenratio': 0.3,
 'shuffle': True,
 'snapshot_prefix': '/projects/b1118/behaviorvideos/rotary_wheel_side_view-JJM-2021-09-17/dlc-models/iteration-0/rotary_wheel_side_view '
                    'Sep17-trainset95shuffle1/train/snapshot',
 'stride': 8.0,
 'weigh_negatives': False,
 'weigh_only_present_joints': False,
 'weigh_part_predictions': False,
 'weight_decay': 0.0001}
2022-01-07 17:32:48.125816: I tensorflow/core/platform/cpu_feature_guard.cc:151] This TensorFlow binary is optimized with oneAPI Deep Neural Network Library (oneDNN) to use the following CPU instructions in performance-critical operations:  AVX2 AVX512F FMA
To enable them in other operations, rebuild TensorFlow with the appropriate compiler flags.
2022-01-07 17:32:51.010931: I tensorflow/core/common_runtime/gpu/gpu_device.cc:1525] Created device /job:localhost/replica:0/task:0/device:GPU:0 with 38416 MB memory:  -> device: 0, name: NVIDIA A100-PCIE-40GB, pci bus id: 0000:2f:00.0, compute capability: 8.0
2022-01-07 17:32:51.413596: I tensorflow/core/common_runtime/gpu/gpu_device.cc:1525] Created device /job:localhost/replica:0/task:0/device:GPU:0 with 38416 MB memory:  -> device: 0, name: NVIDIA A100-PCIE-40GB, pci bus id: 0000:2f:00.0, compute capability: 8.0
2022-01-07 17:33:01.432921: I tensorflow/stream_executor/cuda/cuda_dnn.cc:366] Loaded cuDNN version 8101
/home/jma819/.conda/envs/tensorflow-2.6-py38-dlc/lib/python3.8/site-packages/tensorflow/python/keras/engine/base_layer_v1.py:1694: UserWarning: `layer.apply` is deprecated and will be removed in a future version. Please use `layer.__call__` method instead.
  warnings.warn('`layer.apply` is deprecated and '
iteration: 1000 loss: 0.0430 lr: 0.005
iteration: 2000 loss: 0.0246 lr: 0.005
iteration: 3000 loss: 0.0203 lr: 0.005
iteration: 4000 loss: 0.0175 lr: 0.005
iteration: 5000 loss: 0.0156 lr: 0.005
iteration: 6000 loss: 0.0142 lr: 0.005
iteration: 7000 loss: 0.0133 lr: 0.005
iteration: 8000 loss: 0.0126 lr: 0.005
iteration: 9000 loss: 0.0118 lr: 0.005
iteration: 10000 loss: 0.0112 lr: 0.005
iteration: 11000 loss: 0.0145 lr: 0.02
iteration: 12000 loss: 0.0122 lr: 0.02
iteration: 13000 loss: 0.0104 lr: 0.02
iteration: 14000 loss: 0.0096 lr: 0.02
iteration: 15000 loss: 0.0092 lr: 0.02
iteration: 16000 loss: 0.0085 lr: 0.02
iteration: 17000 loss: 0.0082 lr: 0.02
iteration: 18000 loss: 0.0076 lr: 0.02
iteration: 19000 loss: 0.0074 lr: 0.02
iteration: 20000 loss: 0.0072 lr: 0.02
iteration: 21000 loss: 0.0069 lr: 0.02
iteration: 22000 loss: 0.0066 lr: 0.02
iteration: 23000 loss: 0.0065 lr: 0.02
iteration: 24000 loss: 0.0063 lr: 0.02
iteration: 25000 loss: 0.0061 lr: 0.02
iteration: 26000 loss: 0.0061 lr: 0.02
iteration: 27000 loss: 0.0060 lr: 0.02
iteration: 28000 loss: 0.0058 lr: 0.02
iteration: 29000 loss: 0.0057 lr: 0.02
iteration: 30000 loss: 0.0057 lr: 0.02
iteration: 31000 loss: 0.0055 lr: 0.02
iteration: 32000 loss: 0.0054 lr: 0.02
iteration: 33000 loss: 0.0054 lr: 0.02
iteration: 34000 loss: 0.0053 lr: 0.02
iteration: 35000 loss: 0.0053 lr: 0.02
iteration: 36000 loss: 0.0051 lr: 0.02
iteration: 37000 loss: 0.0052 lr: 0.02
iteration: 38000 loss: 0.0050 lr: 0.02
iteration: 39000 loss: 0.0050 lr: 0.02
iteration: 40000 loss: 0.0050 lr: 0.02
iteration: 41000 loss: 0.0048 lr: 0.02
iteration: 42000 loss: 0.0048 lr: 0.02
iteration: 43000 loss: 0.0048 lr: 0.02
iteration: 44000 loss: 0.0047 lr: 0.02
iteration: 45000 loss: 0.0048 lr: 0.02
iteration: 46000 loss: 0.0045 lr: 0.02
iteration: 47000 loss: 0.0046 lr: 0.02
iteration: 48000 loss: 0.0046 lr: 0.02
iteration: 49000 loss: 0.0045 lr: 0.02
iteration: 50000 loss: 0.0046 lr: 0.02
iteration: 51000 loss: 0.0045 lr: 0.02
iteration: 52000 loss: 0.0045 lr: 0.02
iteration: 53000 loss: 0.0045 lr: 0.02
iteration: 54000 loss: 0.0043 lr: 0.02
iteration: 55000 loss: 0.0043 lr: 0.02
iteration: 56000 loss: 0.0042 lr: 0.02
iteration: 57000 loss: 0.0042 lr: 0.02
iteration: 58000 loss: 0.0042 lr: 0.02
iteration: 59000 loss: 0.0041 lr: 0.02
iteration: 60000 loss: 0.0041 lr: 0.02
iteration: 61000 loss: 0.0041 lr: 0.02
iteration: 62000 loss: 0.0040 lr: 0.02
iteration: 63000 loss: 0.0040 lr: 0.02
iteration: 64000 loss: 0.0040 lr: 0.02
iteration: 65000 loss: 0.0040 lr: 0.02
iteration: 66000 loss: 0.0039 lr: 0.02
iteration: 67000 loss: 0.0040 lr: 0.02
iteration: 68000 loss: 0.0039 lr: 0.02
iteration: 69000 loss: 0.0038 lr: 0.02
iteration: 70000 loss: 0.0038 lr: 0.02
iteration: 71000 loss: 0.0039 lr: 0.02
iteration: 72000 loss: 0.0037 lr: 0.02
iteration: 73000 loss: 0.0037 lr: 0.02
iteration: 74000 loss: 0.0037 lr: 0.02
iteration: 75000 loss: 0.0037 lr: 0.02
iteration: 76000 loss: 0.0036 lr: 0.02
iteration: 77000 loss: 0.0036 lr: 0.02
iteration: 78000 loss: 0.0036 lr: 0.02
iteration: 79000 loss: 0.0036 lr: 0.02
iteration: 80000 loss: 0.0036 lr: 0.02
iteration: 81000 loss: 0.0034 lr: 0.02
iteration: 82000 loss: 0.0034 lr: 0.02
iteration: 83000 loss: 0.0034 lr: 0.02
iteration: 84000 loss: 0.0034 lr: 0.02
iteration: 85000 loss: 0.0034 lr: 0.02
iteration: 86000 loss: 0.0034 lr: 0.02
iteration: 87000 loss: 0.0034 lr: 0.02
iteration: 88000 loss: 0.0033 lr: 0.02
iteration: 89000 loss: 0.0033 lr: 0.02
iteration: 90000 loss: 0.0033 lr: 0.02
iteration: 91000 loss: 0.0033 lr: 0.02
iteration: 92000 loss: 0.0033 lr: 0.02
iteration: 93000 loss: 0.0033 lr: 0.02
iteration: 94000 loss: 0.0033 lr: 0.02
iteration: 95000 loss: 0.0033 lr: 0.02
iteration: 96000 loss: 0.0032 lr: 0.02
iteration: 97000 loss: 0.0032 lr: 0.02
iteration: 98000 loss: 0.0032 lr: 0.02
iteration: 99000 loss: 0.0032 lr: 0.02
iteration: 100000 loss: 0.0032 lr: 0.02
iteration: 101000 loss: 0.0031 lr: 0.02
iteration: 102000 loss: 0.0031 lr: 0.02
iteration: 103000 loss: 0.0031 lr: 0.02
iteration: 104000 loss: 0.0031 lr: 0.02
iteration: 105000 loss: 0.0031 lr: 0.02
iteration: 106000 loss: 0.0031 lr: 0.02
iteration: 107000 loss: 0.0030 lr: 0.02
iteration: 108000 loss: 0.0031 lr: 0.02
iteration: 109000 loss: 0.0030 lr: 0.02
iteration: 110000 loss: 0.0030 lr: 0.02
iteration: 111000 loss: 0.0029 lr: 0.02
iteration: 112000 loss: 0.0029 lr: 0.02
iteration: 113000 loss: 0.0030 lr: 0.02
iteration: 114000 loss: 0.0030 lr: 0.02
iteration: 115000 loss: 0.0030 lr: 0.02
iteration: 116000 loss: 0.0029 lr: 0.02
iteration: 117000 loss: 0.0030 lr: 0.02
iteration: 118000 loss: 0.0029 lr: 0.02
iteration: 119000 loss: 0.0029 lr: 0.02
iteration: 120000 loss: 0.0029 lr: 0.02
iteration: 121000 loss: 0.0029 lr: 0.02
iteration: 122000 loss: 0.0029 lr: 0.02
iteration: 123000 loss: 0.0029 lr: 0.02
iteration: 124000 loss: 0.0029 lr: 0.02
iteration: 125000 loss: 0.0028 lr: 0.02
iteration: 126000 loss: 0.0029 lr: 0.02
iteration: 127000 loss: 0.0029 lr: 0.02
iteration: 128000 loss: 0.0028 lr: 0.02
iteration: 129000 loss: 0.0028 lr: 0.02
iteration: 130000 loss: 0.0028 lr: 0.02
iteration: 131000 loss: 0.0028 lr: 0.02
iteration: 132000 loss: 0.0028 lr: 0.02
iteration: 133000 loss: 0.0028 lr: 0.02
iteration: 134000 loss: 0.0027 lr: 0.02
iteration: 135000 loss: 0.0027 lr: 0.02
iteration: 136000 loss: 0.0027 lr: 0.02
iteration: 137000 loss: 0.0027 lr: 0.02
iteration: 138000 loss: 0.0028 lr: 0.02
iteration: 139000 loss: 0.0028 lr: 0.02
iteration: 140000 loss: 0.0028 lr: 0.02
iteration: 141000 loss: 0.0027 lr: 0.02
iteration: 142000 loss: 0.0028 lr: 0.02
iteration: 143000 loss: 0.0027 lr: 0.02
iteration: 144000 loss: 0.0028 lr: 0.02
iteration: 145000 loss: 0.0027 lr: 0.02
iteration: 146000 loss: 0.0026 lr: 0.02
iteration: 147000 loss: 0.0027 lr: 0.02
iteration: 148000 loss: 0.0027 lr: 0.02
iteration: 149000 loss: 0.0027 lr: 0.02
iteration: 150000 loss: 0.0027 lr: 0.02
iteration: 151000 loss: 0.0027 lr: 0.02
iteration: 152000 loss: 0.0027 lr: 0.02
iteration: 153000 loss: 0.0027 lr: 0.02
iteration: 154000 loss: 0.0027 lr: 0.02
iteration: 155000 loss: 0.0027 lr: 0.02
iteration: 156000 loss: 0.0027 lr: 0.02
iteration: 157000 loss: 0.0026 lr: 0.02
iteration: 158000 loss: 0.0026 lr: 0.02
iteration: 159000 loss: 0.0026 lr: 0.02
iteration: 160000 loss: 0.0027 lr: 0.02
iteration: 161000 loss: 0.0026 lr: 0.02
iteration: 162000 loss: 0.0026 lr: 0.02
iteration: 163000 loss: 0.0025 lr: 0.02
iteration: 164000 loss: 0.0025 lr: 0.02
iteration: 165000 loss: 0.0026 lr: 0.02
iteration: 166000 loss: 0.0026 lr: 0.02
iteration: 167000 loss: 0.0026 lr: 0.02
iteration: 168000 loss: 0.0026 lr: 0.02
iteration: 169000 loss: 0.0025 lr: 0.02
iteration: 170000 loss: 0.0026 lr: 0.02
iteration: 171000 loss: 0.0025 lr: 0.02
iteration: 172000 loss: 0.0026 lr: 0.02
iteration: 173000 loss: 0.0025 lr: 0.02
iteration: 174000 loss: 0.0025 lr: 0.02
iteration: 175000 loss: 0.0025 lr: 0.02
iteration: 176000 loss: 0.0025 lr: 0.02
iteration: 177000 loss: 0.0025 lr: 0.02
iteration: 178000 loss: 0.0025 lr: 0.02
iteration: 179000 loss: 0.0025 lr: 0.02
iteration: 180000 loss: 0.0025 lr: 0.02
iteration: 181000 loss: 0.0025 lr: 0.02
iteration: 182000 loss: 0.0025 lr: 0.02
iteration: 183000 loss: 0.0025 lr: 0.02
iteration: 184000 loss: 0.0025 lr: 0.02
iteration: 185000 loss: 0.0025 lr: 0.02
iteration: 186000 loss: 0.0026 lr: 0.02
iteration: 187000 loss: 0.0024 lr: 0.02
iteration: 188000 loss: 0.0026 lr: 0.02
iteration: 189000 loss: 0.0024 lr: 0.02
iteration: 190000 loss: 0.0025 lr: 0.02
iteration: 191000 loss: 0.0025 lr: 0.02
iteration: 192000 loss: 0.0025 lr: 0.02
iteration: 193000 loss: 0.0025 lr: 0.02
iteration: 194000 loss: 0.0024 lr: 0.02
iteration: 195000 loss: 0.0025 lr: 0.02
iteration: 196000 loss: 0.0025 lr: 0.02
iteration: 197000 loss: 0.0025 lr: 0.02
iteration: 198000 loss: 0.0024 lr: 0.02
iteration: 199000 loss: 0.0024 lr: 0.02
iteration: 200000 loss: 0.0024 lr: 0.02
iteration: 201000 loss: 0.0024 lr: 0.02
iteration: 202000 loss: 0.0024 lr: 0.02
iteration: 203000 loss: 0.0024 lr: 0.02
iteration: 204000 loss: 0.0024 lr: 0.02
iteration: 205000 loss: 0.0024 lr: 0.02
iteration: 206000 loss: 0.0024 lr: 0.02
iteration: 207000 loss: 0.0024 lr: 0.02
iteration: 208000 loss: 0.0024 lr: 0.02
iteration: 209000 loss: 0.0024 lr: 0.02
iteration: 210000 loss: 0.0024 lr: 0.02
iteration: 211000 loss: 0.0025 lr: 0.02
iteration: 212000 loss: 0.0023 lr: 0.02
iteration: 213000 loss: 0.0024 lr: 0.02
iteration: 214000 loss: 0.0024 lr: 0.02
iteration: 215000 loss: 0.0023 lr: 0.02
iteration: 216000 loss: 0.0023 lr: 0.02
iteration: 217000 loss: 0.0023 lr: 0.02
iteration: 218000 loss: 0.0024 lr: 0.02
iteration: 219000 loss: 0.0024 lr: 0.02
iteration: 220000 loss: 0.0024 lr: 0.02
iteration: 221000 loss: 0.0024 lr: 0.02
iteration: 222000 loss: 0.0023 lr: 0.02
iteration: 223000 loss: 0.0024 lr: 0.02
iteration: 224000 loss: 0.0023 lr: 0.02
iteration: 225000 loss: 0.0023 lr: 0.02
iteration: 226000 loss: 0.0023 lr: 0.02
iteration: 227000 loss: 0.0023 lr: 0.02
iteration: 228000 loss: 0.0023 lr: 0.02
iteration: 229000 loss: 0.0023 lr: 0.02
iteration: 230000 loss: 0.0023 lr: 0.02
iteration: 231000 loss: 0.0023 lr: 0.02
iteration: 232000 loss: 0.0023 lr: 0.02
iteration: 233000 loss: 0.0023 lr: 0.02
iteration: 234000 loss: 0.0023 lr: 0.02
iteration: 235000 loss: 0.0024 lr: 0.02
iteration: 236000 loss: 0.0023 lr: 0.02
iteration: 237000 loss: 0.0024 lr: 0.02
iteration: 238000 loss: 0.0023 lr: 0.02
iteration: 239000 loss: 0.0023 lr: 0.02
iteration: 240000 loss: 0.0023 lr: 0.02
iteration: 241000 loss: 0.0023 lr: 0.02
iteration: 242000 loss: 0.0023 lr: 0.02
iteration: 243000 loss: 0.0023 lr: 0.02
iteration: 244000 loss: 0.0023 lr: 0.02
iteration: 245000 loss: 0.0022 lr: 0.02
iteration: 246000 loss: 0.0023 lr: 0.02
iteration: 247000 loss: 0.0023 lr: 0.02
iteration: 248000 loss: 0.0022 lr: 0.02
iteration: 249000 loss: 0.0022 lr: 0.02
iteration: 250000 loss: 0.0023 lr: 0.02
iteration: 251000 loss: 0.0023 lr: 0.02
iteration: 252000 loss: 0.0023 lr: 0.02
iteration: 253000 loss: 0.0023 lr: 0.02
iteration: 254000 loss: 0.0024 lr: 0.02
iteration: 255000 loss: 0.0022 lr: 0.02
iteration: 256000 loss: 0.0022 lr: 0.02
iteration: 257000 loss: 0.0023 lr: 0.02
iteration: 258000 loss: 0.0023 lr: 0.02
iteration: 259000 loss: 0.0023 lr: 0.02
iteration: 260000 loss: 0.0022 lr: 0.02
iteration: 261000 loss: 0.0022 lr: 0.02
iteration: 262000 loss: 0.0022 lr: 0.02
iteration: 263000 loss: 0.0022 lr: 0.02
iteration: 264000 loss: 0.0022 lr: 0.02
iteration: 265000 loss: 0.0023 lr: 0.02
iteration: 266000 loss: 0.0023 lr: 0.02
iteration: 267000 loss: 0.0022 lr: 0.02
iteration: 268000 loss: 0.0023 lr: 0.02
iteration: 269000 loss: 0.0022 lr: 0.02
iteration: 270000 loss: 0.0022 lr: 0.02
iteration: 271000 loss: 0.0022 lr: 0.02
iteration: 272000 loss: 0.0023 lr: 0.02
iteration: 273000 loss: 0.0022 lr: 0.02
iteration: 274000 loss: 0.0022 lr: 0.02
iteration: 275000 loss: 0.0023 lr: 0.02
iteration: 276000 loss: 0.0022 lr: 0.02
iteration: 277000 loss: 0.0022 lr: 0.02
iteration: 278000 loss: 0.0022 lr: 0.02
iteration: 279000 loss: 0.0022 lr: 0.02
iteration: 280000 loss: 0.0022 lr: 0.02
iteration: 281000 loss: 0.0022 lr: 0.02
iteration: 282000 loss: 0.0022 lr: 0.02
iteration: 283000 loss: 0.0022 lr: 0.02
iteration: 284000 loss: 0.0022 lr: 0.02
iteration: 285000 loss: 0.0022 lr: 0.02
iteration: 286000 loss: 0.0022 lr: 0.02
iteration: 287000 loss: 0.0023 lr: 0.02
iteration: 288000 loss: 0.0022 lr: 0.02
iteration: 289000 loss: 0.0022 lr: 0.02
iteration: 290000 loss: 0.0022 lr: 0.02
iteration: 291000 loss: 0.0022 lr: 0.02
iteration: 292000 loss: 0.0022 lr: 0.02
iteration: 293000 loss: 0.0022 lr: 0.02
iteration: 294000 loss: 0.0022 lr: 0.02
iteration: 295000 loss: 0.0022 lr: 0.02
iteration: 296000 loss: 0.0022 lr: 0.02
iteration: 297000 loss: 0.0022 lr: 0.02
iteration: 298000 loss: 0.0021 lr: 0.02
iteration: 299000 loss: 0.0022 lr: 0.02
iteration: 300000 loss: 0.0021 lr: 0.02
2022-01-07 20:51:33.168546: W tensorflow/core/kernels/queue_base.cc:277] _0_fifo_queue: Skipping cancelled enqueue attempt with queue not closed
Exception in thread Thread-1:
Traceback (most recent call last):
  File "/home/jma819/.conda/envs/tensorflow-2.6-py38-dlc/lib/python3.8/site-packages/tensorflow/python/client/session.py", line 1380, in _do_call
    return fn(*args)
  File "/home/jma819/.conda/envs/tensorflow-2.6-py38-dlc/lib/python3.8/site-packages/tensorflow/python/client/session.py", line 1363, in _run_fn
    return self._call_tf_sessionrun(options, feed_dict, fetch_list,
  File "/home/jma819/.conda/envs/tensorflow-2.6-py38-dlc/lib/python3.8/site-packages/tensorflow/python/client/session.py", line 1456, in _call_tf_sessionrun
    return tf_session.TF_SessionRun_wrapper(self._session, options, feed_dict,
tensorflow.python.framework.errors_impl.CancelledError: Enqueue operation was cancelled
	 [[{{node fifo_queue_enqueue}}]]

During handling of the above exception, another exception occurred:

Traceback (most recent call last):
  File "/home/jma819/.conda/envs/tensorflow-2.6-py38-dlc/lib/python3.8/threading.py", line 932, in _bootstrap_inner
    self.run()
  File "/home/jma819/.conda/envs/tensorflow-2.6-py38-dlc/lib/python3.8/threading.py", line 870, in run
    self._target(*self._args, **self._kwargs)
  File "/home/jma819/.conda/envs/tensorflow-2.6-py38-dlc/lib/python3.8/site-packages/deeplabcut/pose_estimation_tensorflow/core/train.py", line 82, in load_and_enqueue
    sess.run(enqueue_op, feed_dict=food)
  File "/home/jma819/.conda/envs/tensorflow-2.6-py38-dlc/lib/python3.8/site-packages/tensorflow/python/client/session.py", line 970, in run
    result = self._run(None, fetches, feed_dict, options_ptr,
  File "/home/jma819/.conda/envs/tensorflow-2.6-py38-dlc/lib/python3.8/site-packages/tensorflow/python/client/session.py", line 1193, in _run
    results = self._do_run(handle, final_targets, final_fetches,
  File "/home/jma819/.conda/envs/tensorflow-2.6-py38-dlc/lib/python3.8/site-packages/tensorflow/python/client/session.py", line 1373, in _do_run
    return self._do_call(_run_fn, feeds, fetches, targets, options,
  File "/home/jma819/.conda/envs/tensorflow-2.6-py38-dlc/lib/python3.8/site-packages/tensorflow/python/client/session.py", line 1399, in _do_call
    raise type(e)(node_def, op, message)  # pylint: disable=no-value-for-parameter
tensorflow.python.framework.errors_impl.CancelledError: Enqueue operation was cancelled
	 [[node fifo_queue_enqueue
 (defined at /home/jma819/.conda/envs/tensorflow-2.6-py38-dlc/lib/python3.8/site-packages/deeplabcut/pose_estimation_tensorflow/core/train.py:68)
]]

Errors may have originated from an input operation.
Input Source operations connected to node fifo_queue_enqueue:
In[0] fifo_queue (defined at /home/jma819/.conda/envs/tensorflow-2.6-py38-dlc/lib/python3.8/site-packages/deeplabcut/pose_estimation_tensorflow/core/train.py:67)	
In[1] Placeholder (defined at /home/jma819/.conda/envs/tensorflow-2.6-py38-dlc/lib/python3.8/site-packages/deeplabcut/pose_estimation_tensorflow/core/train.py:60)	
In[2] Placeholder_1:	
In[3] Placeholder_2:	
In[4] Placeholder_3:	
In[5] Placeholder_4:

Operation defined at: (most recent call last)
>>>   File "run_dlc_openfield.py", line 16, in <module>
>>>     deeplabcut.train_network(path_config_file, maxiters=300000)
>>> 
>>>   File "/home/jma819/.conda/envs/tensorflow-2.6-py38-dlc/lib/python3.8/site-packages/deeplabcut/pose_estimation_tensorflow/training.py", line 176, in train_network
>>>     train(
>>> 
>>>   File "/home/jma819/.conda/envs/tensorflow-2.6-py38-dlc/lib/python3.8/site-packages/deeplabcut/pose_estimation_tensorflow/core/train.py", line 171, in train
>>>     batch, enqueue_op, placeholders = setup_preloading(batch_spec)
>>> 
>>>   File "/home/jma819/.conda/envs/tensorflow-2.6-py38-dlc/lib/python3.8/site-packages/deeplabcut/pose_estimation_tensorflow/core/train.py", line 68, in setup_preloading
>>>     enqueue_op = q.enqueue(placeholders_list)
>>> 

Original stack trace for 'fifo_queue_enqueue':
  File "run_dlc_openfield.py", line 16, in <module>
    deeplabcut.train_network(path_config_file, maxiters=300000)
  File "/home/jma819/.conda/envs/tensorflow-2.6-py38-dlc/lib/python3.8/site-packages/deeplabcut/pose_estimation_tensorflow/training.py", line 176, in train_network
    train(
  File "/home/jma819/.conda/envs/tensorflow-2.6-py38-dlc/lib/python3.8/site-packages/deeplabcut/pose_estimation_tensorflow/core/train.py", line 171, in train
    batch, enqueue_op, placeholders = setup_preloading(batch_spec)
  File "/home/jma819/.conda/envs/tensorflow-2.6-py38-dlc/lib/python3.8/site-packages/deeplabcut/pose_estimation_tensorflow/core/train.py", line 68, in setup_preloading
    enqueue_op = q.enqueue(placeholders_list)
  File "/home/jma819/.conda/envs/tensorflow-2.6-py38-dlc/lib/python3.8/site-packages/tensorflow/python/ops/data_flow_ops.py", line 350, in enqueue
    return gen_data_flow_ops.queue_enqueue_v2(
  File "/home/jma819/.conda/envs/tensorflow-2.6-py38-dlc/lib/python3.8/site-packages/tensorflow/python/ops/gen_data_flow_ops.py", line 4063, in queue_enqueue_v2
    _, _, _op, _outputs = _op_def_library._apply_op_helper(
  File "/home/jma819/.conda/envs/tensorflow-2.6-py38-dlc/lib/python3.8/site-packages/tensorflow/python/framework/op_def_library.py", line 744, in _apply_op_helper
    op = g._create_op_internal(op_type_name, inputs, dtypes=None,
  File "/home/jma819/.conda/envs/tensorflow-2.6-py38-dlc/lib/python3.8/site-packages/tensorflow/python/framework/ops.py", line 3697, in _create_op_internal
    ret = Operation(
  File "/home/jma819/.conda/envs/tensorflow-2.6-py38-dlc/lib/python3.8/site-packages/tensorflow/python/framework/ops.py", line 2101, in __init__
    self._traceback = tf_stack.extract_stack_for_node(self._c_op)

DLC loaded in light mode; you cannot use any GUI (labeling, relabeling and standalone GUI)
Downloading a ImageNet-pretrained model from http://download.tensorflow.org/models/resnet_v1_50_2016_08_28.tar.gz....
The training dataset is successfully created. Use the function 'train_network' to start training. Happy training!
Selecting single-animal trainer
Batch Size is 1
Loading ImageNet-pretrained resnet_50
Max_iters overwritten as 300000
Training parameter:
{'stride': 8.0, 'weigh_part_predictions': False, 'weigh_negatives': False, 'fg_fraction': 0.25, 'mean_pixel': [123.68, 116.779, 103.939], 'shuffle': True, 'snapshot_prefix': '/projects/b1118/behaviorvideos/rotary_wheel_side_view-JJM-2021-09-17/dlc-models/iteration-0/rotary_wheel_side_view Sep17-trainset95shuffle1/train/snapshot', 'log_dir': 'log', 'global_scale': 0.8, 'location_refinement': True, 'locref_stdev': 7.2801, 'locref_loss_weight': 0.05, 'locref_huber_loss': True, 'optimizer': 'sgd', 'intermediate_supervision': False, 'intermediate_supervision_layer': 12, 'regularize': False, 'weight_decay': 0.0001, 'crop_pad': 0, 'scoremap_dir': 'test', 'batch_size': 1, 'dataset_type': 'default', 'deterministic': False, 'mirror': False, 'pairwise_huber_loss': False, 'weigh_only_present_joints': False, 'partaffinityfield_predict': False, 'pairwise_predict': False, 'all_joints': [[0], [1], [2], [3], [4], [5], [6], [7], [8], [9], [10], [11], [12], [13], [14], [15], [16], [17], [18], [19], [20]], 'all_joints_names': ['snout', 'ear_L', 'ear_R', 'front_paw_L', 'front_heel_L', 'front_paw_R', 'front_heel_R', 'rear_paw_L', 'rear_heel_L', 'rear_thigh_L', 'rear_paw_R', 'rear_heel_R', 'rear_thigh_R', 'back', 'tail_base', 'mid_tail', 'tail_tip', 'wheel_center', 'wheel_mark', 'wheel_screw_1', 'wheel_screw_2'], 'alpha_r': 0.02, 'apply_prob': 0.5, 'clahe': True, 'claheratio': 0.1, 'crop_sampling': 'hybrid', 'crop_size': [400, 400], 'cropratio': 0.4, 'dataset': 'training-datasets/iteration-0/UnaugmentedDataSet_rotary_wheel_side_view Sep17/rotary_wheel_side_view _JJM95shuffle1.mat', 'decay_steps': 30000, 'display_iters': 1000, 'edge': False, 'emboss': {'alpha': [0.0, 1.0], 'embossratio': 0.1, 'strength': [0.5, 1.5]}, 'histeq': True, 'histeqratio': 0.1, 'init_weights': '/home/jma819/.conda/envs/tensorflow-2.6-py38-dlc/lib/python3.8/site-packages/deeplabcut/pose_estimation_tensorflow/models/pretrained/resnet_v1_50.ckpt', 'lr_init': 0.0005, 'max_input_size': 1500, 'max_shift': 0.4, 'metadataset': 'training-datasets/iteration-0/UnaugmentedDataSet_rotary_wheel_side_view Sep17/Documentation_data-rotary_wheel_side_view _95shuffle1.pickle', 'min_input_size': 64, 'multi_stage': False, 'multi_step': [[0.005, 10000], [0.02, 430000], [0.002, 730000], [0.001, 1030000]], 'net_type': 'resnet_50', 'num_joints': 21, 'pos_dist_thresh': 17, 'pre_resize': [], 'project_path': '/projects/b1118/behaviorvideos/rotary_wheel_side_view-JJM-2021-09-17', 'rotation': 25, 'rotratio': 0.4, 'save_iters': 50000, 'scale_jitter_lo': 0.5, 'scale_jitter_up': 1.25, 'sharpen': False, 'sharpenratio': 0.3, 'covering': True, 'elastic_transform': True, 'motion_blur': True, 'motion_blur_params': {'k': 7, 'angle': (-90, 90)}}
Starting training....
The network is now trained and ready to evaluate. Use the function 'evaluate_network' to evaluate the network.
finished evaluating
