CUDA-powered GPUs also support programming frameworks such as OpenMP, OpenACC
and OpenCL; and HIP by compiling such code to CUDA. 
config file is: /projects/p30771/dlc_analysis/rotarod_side_view_multi_animal-JJM-2021-08-25/config.yaml
directory with behavior videos is: /projects/b1118/behaviorvideos/rotarod_videos/06192020
/home/jma819/.conda/envs/tensorflow-gpu-env/lib/python3.6/site-packages/tensorflow/python/framework/dtypes.py:523: FutureWarning: Passing (type, 1) or '1type' as a synonym of type is deprecated; in a future version of numpy, it will be understood as (type, (1,)) / '(1,)type'.
  _np_qint8 = np.dtype([("qint8", np.int8, 1)])
/home/jma819/.conda/envs/tensorflow-gpu-env/lib/python3.6/site-packages/tensorflow/python/framework/dtypes.py:524: FutureWarning: Passing (type, 1) or '1type' as a synonym of type is deprecated; in a future version of numpy, it will be understood as (type, (1,)) / '(1,)type'.
  _np_quint8 = np.dtype([("quint8", np.uint8, 1)])
/home/jma819/.conda/envs/tensorflow-gpu-env/lib/python3.6/site-packages/tensorflow/python/framework/dtypes.py:525: FutureWarning: Passing (type, 1) or '1type' as a synonym of type is deprecated; in a future version of numpy, it will be understood as (type, (1,)) / '(1,)type'.
  _np_qint16 = np.dtype([("qint16", np.int16, 1)])
/home/jma819/.conda/envs/tensorflow-gpu-env/lib/python3.6/site-packages/tensorflow/python/framework/dtypes.py:526: FutureWarning: Passing (type, 1) or '1type' as a synonym of type is deprecated; in a future version of numpy, it will be understood as (type, (1,)) / '(1,)type'.
  _np_quint16 = np.dtype([("quint16", np.uint16, 1)])
/home/jma819/.conda/envs/tensorflow-gpu-env/lib/python3.6/site-packages/tensorflow/python/framework/dtypes.py:527: FutureWarning: Passing (type, 1) or '1type' as a synonym of type is deprecated; in a future version of numpy, it will be understood as (type, (1,)) / '(1,)type'.
  _np_qint32 = np.dtype([("qint32", np.int32, 1)])
/home/jma819/.conda/envs/tensorflow-gpu-env/lib/python3.6/site-packages/tensorflow/python/framework/dtypes.py:532: FutureWarning: Passing (type, 1) or '1type' as a synonym of type is deprecated; in a future version of numpy, it will be understood as (type, (1,)) / '(1,)type'.
  np_resource = np.dtype([("resource", np.ubyte, 1)])
DLC loaded in light mode; you cannot use any GUI (labeling, relabeling and standalone GUI)
Traceback (most recent call last):
  File "/home/jma819/DeepLabCut/deeplabcut/pose_estimation_tensorflow/predict_videos.py", line 177, in analyze_videos
    dlc_cfg = load_config(str(path_test_config))
  File "/home/jma819/DeepLabCut/deeplabcut/pose_estimation_tensorflow/config.py", line 63, in load_config
    return cfg_from_file(filename)
  File "/home/jma819/DeepLabCut/deeplabcut/pose_estimation_tensorflow/config.py", line 41, in cfg_from_file
    with open(filename, "r") as f:
FileNotFoundError: [Errno 2] No such file or directory: '/projects/p30771/dlc_analysis/rotarod_side_view_multi_animal-JJM-2021-08-25/dlc-models/iteration-0/rotarod_side_view_multi_animalAug25-trainset95shuffle1/test/pose_cfg.yaml'

During handling of the above exception, another exception occurred:

Traceback (most recent call last):
  File "dlc_analyze_new_videos.py", line 16, in <module>
    deeplabcut.analyze_videos(path_config_file, avi_list, videotype='.avi')
  File "/home/jma819/DeepLabCut/deeplabcut/pose_estimation_tensorflow/predict_videos.py", line 181, in analyze_videos
    % (shuffle, trainFraction)
FileNotFoundError: It seems the model for shuffle 1 and trainFraction 0.95 does not exist.
